# JRE version: OpenJDK Runtime Environment Temurin-17.0.5+8 (17.0.5+8) (build 17.0.5+8)
# Java VM: OpenJDK 64-Bit Server VM Temurin-17.0.5+8 (17.0.5+8, mixed mode, emulated-client, tiered, compressed oops, compressed class ptrs, g1 gc, windows-amd64)
GC Precious Log:
 CPUs: 4 total, 4 available
 Memory: 8089M
 Large Page Support: Disabled
 NUMA Support: Disabled
 Compressed Oops: Enabled (32-bit)
 Heap Region Size: 1M
 Heap Min Capacity: 8M
 Heap Initial Capacity: 128M
 Heap Max Capacity: 1G
 Pre-touch: Disabled
 Parallel Workers: 4
 Concurrent Workers: 1
 Concurrent Refinement Workers: 4
 Periodic GC: Disabled
Heap:
 garbage-first heap   total 327680K, used 140809K [0x00000000c0000000, 0x0000000100000000)
  region size 1024K, 30 young (30720K), 15 survivors (15360K)
 Metaspace       used 70123K, committed 70656K, reserved 1114112K
  class space    used 9509K, committed 9728K, reserved 1048576K
GC Heap History (20 events):
Event: 140.936 GC heap before
{Heap before GC invocations=59 (full 3):
 garbage-first heap   total 327680K, used 97008K [0x00000000c0000000, 0x0000000100000000)
  region size 1024K, 1 young (1024K), 0 survivors (0K)
 Metaspace       used 70003K, committed 70528K, reserved 1114112K
  class space    used 9490K, committed 9728K, reserved 1048576K
}
Event: 141.067 GC heap after
{Heap after GC invocations=60 (full 4):
 garbage-first heap   total 327680K, used 97008K [0x00000000c0000000, 0x0000000100000000)
  region size 1024K, 0 young (0K), 0 survivors (0K)
 Metaspace       used 70003K, committed 70528K, reserved 1114112K
  class space    used 9490K, committed 9728K, reserved 1048576K
}
Event: 151.302 GC heap before
{Heap before GC invocations=60 (full 4):
 garbage-first heap   total 327680K, used 97008K [0x00000000c0000000, 0x0000000100000000)
  region size 1024K, 1 young (1024K), 0 survivors (0K)
 Metaspace       used 70003K, committed 70528K, reserved 1114112K
  class space    used 9490K, committed 9728K, reserved 1048576K
}
Event: 151.426 GC heap after
{Heap after GC invocations=61 (full 5):
 garbage-first heap   total 327680K, used 97008K [0x00000000c0000000, 0x0000000100000000)
  region size 1024K, 0 young (0K), 0 survivors (0K)
 Metaspace       used 70003K, committed 70528K, reserved 1114112K
  class space    used 9490K, committed 9728K, reserved 1048576K
}
Event: 161.665 GC heap before
{Heap before GC invocations=61 (full 5):
 garbage-first heap   total 327680K, used 97008K [0x00000000c0000000, 0x0000000100000000)
  region size 1024K, 1 young (1024K), 0 survivors (0K)
 Metaspace       used 70003K, committed 70528K, reserved 1114112K
  class space    used 9490K, committed 9728K, reserved 1048576K
}
Event: 161.792 GC heap after
{Heap after GC invocations=62 (full 6):
 garbage-first heap   total 327680K, used 97008K [0x00000000c0000000, 0x0000000100000000)
  region size 1024K, 0 young (0K), 0 survivors (0K)
 Metaspace       used 70003K, committed 70528K, reserved 1114112K
  class space    used 9490K, committed 9728K, reserved 1048576K
}
Event: 172.009 GC heap before
{Heap before GC invocations=62 (full 6):
 garbage-first heap   total 327680K, used 97008K [0x00000000c0000000, 0x0000000100000000)
  region size 1024K, 1 young (1024K), 0 survivors (0K)
 Metaspace       used 70003K, committed 70528K, reserved 1114112K
  class space    used 9490K, committed 9728K, reserved 1048576K
}
Event: 172.140 GC heap after
{Heap after GC invocations=63 (full 7):
 garbage-first heap   total 327680K, used 97008K [0x00000000c0000000, 0x0000000100000000)
  region size 1024K, 0 young (0K), 0 survivors (0K)
 Metaspace       used 70003K, committed 70528K, reserved 1114112K
  class space    used 9490K, committed 9728K, reserved 1048576K
}
Event: 182.335 GC heap before
{Heap before GC invocations=63 (full 7):
 garbage-first heap   total 327680K, used 97008K [0x00000000c0000000, 0x0000000100000000)
  region size 1024K, 1 young (1024K), 0 survivors (0K)
 Metaspace       used 70003K, committed 70528K, reserved 1114112K
  class space    used 9490K, committed 9728K, reserved 1048576K
}
Event: 182.454 GC heap after
{Heap after GC invocations=64 (full 8):
 garbage-first heap   total 327680K, used 97008K [0x00000000c0000000, 0x0000000100000000)
  region size 1024K, 0 young (0K), 0 survivors (0K)
 Metaspace       used 70003K, committed 70528K, reserved 1114112K
  class space    used 9490K, committed 9728K, reserved 1048576K
}
Event: 192.648 GC heap before
{Heap before GC invocations=64 (full 8):
 garbage-first heap   total 327680K, used 97008K [0x00000000c0000000, 0x0000000100000000)
  region size 1024K, 1 young (1024K), 0 survivors (0K)
 Metaspace       used 70003K, committed 70528K, reserved 1114112K
  class space    used 9490K, committed 9728K, reserved 1048576K
}
Event: 192.774 GC heap after
{Heap after GC invocations=65 (full 9):
 garbage-first heap   total 327680K, used 97008K [0x00000000c0000000, 0x0000000100000000)
  region size 1024K, 0 young (0K), 0 survivors (0K)
 Metaspace       used 70003K, committed 70528K, reserved 1114112K
  class space    used 9490K, committed 9728K, reserved 1048576K
}
Event: 203.013 GC heap before
{Heap before GC invocations=65 (full 9):
 garbage-first heap   total 327680K, used 97008K [0x00000000c0000000, 0x0000000100000000)
  region size 1024K, 1 young (1024K), 0 survivors (0K)
 Metaspace       used 70003K, committed 70528K, reserved 1114112K
  class space    used 9490K, committed 9728K, reserved 1048576K
}
Event: 203.149 GC heap after
{Heap after GC invocations=66 (full 10):
 garbage-first heap   total 327680K, used 97008K [0x00000000c0000000, 0x0000000100000000)
  region size 1024K, 0 young (0K), 0 survivors (0K)
 Metaspace       used 70003K, committed 70528K, reserved 1114112K
  class space    used 9490K, committed 9728K, reserved 1048576K
}
Event: 266.121 GC heap before
{Heap before GC invocations=66 (full 10):
 garbage-first heap   total 327680K, used 246512K [0x00000000c0000000, 0x0000000100000000)
  region size 1024K, 141 young (144384K), 0 survivors (0K)
 Metaspace       used 70050K, committed 70592K, reserved 1114112K
  class space    used 9500K, committed 9728K, reserved 1048576K
}
Event: 266.139 GC heap after
{Heap after GC invocations=67 (full 10):
 garbage-first heap   total 327680K, used 112368K [0x00000000c0000000, 0x0000000100000000)
  region size 1024K, 10 young (10240K), 10 survivors (10240K)
 Metaspace       used 70050K, committed 70592K, reserved 1114112K
  class space    used 9500K, committed 9728K, reserved 1048576K
}
Event: 276.255 GC heap before
{Heap before GC invocations=67 (full 10):
 garbage-first heap   total 327680K, used 248560K [0x00000000c0000000, 0x0000000100000000)
  region size 1024K, 143 young (146432K), 10 survivors (10240K)
 Metaspace       used 70059K, committed 70592K, reserved 1114112K
  class space    used 9501K, committed 9728K, reserved 1048576K
}
Event: 276.276 GC heap after
{Heap after GC invocations=68 (full 10):
 garbage-first heap   total 327680K, used 117124K [0x00000000c0000000, 0x0000000100000000)
  region size 1024K, 6 young (6144K), 6 survivors (6144K)
 Metaspace       used 70059K, committed 70592K, reserved 1114112K
  class space    used 9501K, committed 9728K, reserved 1048576K
}
Event: 295.394 GC heap before
{Heap before GC invocations=68 (full 10):
 garbage-first heap   total 327680K, used 254340K [0x00000000c0000000, 0x0000000100000000)
  region size 1024K, 140 young (143360K), 6 survivors (6144K)
 Metaspace       used 70123K, committed 70656K, reserved 1114112K
  class space    used 9509K, committed 9728K, reserved 1048576K
}
Event: 295.420 GC heap after
{Heap after GC invocations=69 (full 10):
 garbage-first heap   total 327680K, used 126473K [0x00000000c0000000, 0x0000000100000000)
  region size 1024K, 15 young (15360K), 15 survivors (15360K)
 Metaspace       used 70123K, committed 70656K, reserved 1114112K
  class space    used 9509K, committed 9728K, reserved 1048576K
}

