# JRE version: OpenJDK Runtime Environment Temurin-17.0.5+8 (17.0.5+8) (build 17.0.5+8)
# Java VM: OpenJDK 64-Bit Server VM Temurin-17.0.5+8 (17.0.5+8, mixed mode, tiered, compressed oops, compressed class ptrs, parallel gc, windows-amd64)
GC Precious Log:
 CPUs: 4 total, 4 available
 Memory: 8089M
 Large Page Support: Disabled
 NUMA Support: Disabled
 Compressed Oops: Enabled (32-bit)
 Alignments: Space 512K, Generation 512K, Heap 2M
 Heap Min Capacity: 100M
 Heap Initial Capacity: 100M
 Heap Max Capacity: 1G
 Pre-touch: Disabled
 Parallel Workers: 4
Heap:
 PSYoungGen      total 8192K, used 8180K [0x00000000eab00000, 0x00000000eb980000, 0x0000000100000000)
  eden space 6656K, 99% used [0x00000000eab00000,0x00000000eb17ff48,0x00000000eb180000)
  from space 1536K, 99% used [0x00000000eb180000,0x00000000eb2fd200,0x00000000eb300000)
  to   space 4096K, 47% used [0x00000000eb580000,0x00000000eb766410,0x00000000eb980000)
 ParOldGen       total 138752K, used 131326K [0x00000000c0000000, 0x00000000c8780000, 0x00000000eab00000)
  object space 138752K, 94% used [0x00000000c0000000,0x00000000c803f938,0x00000000c8780000)
 Metaspace       used 85268K, committed 86656K, reserved 1130496K
  class space    used 8477K, committed 9088K, reserved 1048576K
GC Heap History (20 events):
Event: 623.703 GC heap after
{Heap after GC invocations=2917 (full 71):
 PSYoungGen      total 6656K, used 1380K [0x00000000eab00000, 0x00000000eb580000, 0x0000000100000000)
  eden space 5120K, 0% used [0x00000000eab00000,0x00000000eab00000,0x00000000eb000000)
  from space 1536K, 89% used [0x00000000eb400000,0x00000000eb559210,0x00000000eb580000)
  to   space 2560K, 0% used [0x00000000eb080000,0x00000000eb080000,0x00000000eb300000)
 ParOldGen       total 138752K, used 121432K [0x00000000c0000000, 0x00000000c8780000, 0x00000000eab00000)
  object space 138752K, 87% used [0x00000000c0000000,0x00000000c7696078,0x00000000c8780000)
 Metaspace       used 85231K, committed 86592K, reserved 1130496K
  class space    used 8477K, committed 9088K, reserved 1048576K
}
Event: 623.762 GC heap before
{Heap before GC invocations=2918 (full 71):
 PSYoungGen      total 6656K, used 6500K [0x00000000eab00000, 0x00000000eb580000, 0x0000000100000000)
  eden space 5120K, 100% used [0x00000000eab00000,0x00000000eb000000,0x00000000eb000000)
  from space 1536K, 89% used [0x00000000eb400000,0x00000000eb559210,0x00000000eb580000)
  to   space 2560K, 0% used [0x00000000eb080000,0x00000000eb080000,0x00000000eb300000)
 ParOldGen       total 138752K, used 121432K [0x00000000c0000000, 0x00000000c8780000, 0x00000000eab00000)
  object space 138752K, 87% used [0x00000000c0000000,0x00000000c7696078,0x00000000c8780000)
 Metaspace       used 85231K, committed 86592K, reserved 1130496K
  class space    used 8477K, committed 9088K, reserved 1048576K
}
Event: 623.767 GC heap after
{Heap after GC invocations=2918 (full 71):
 PSYoungGen      total 8192K, used 1444K [0x00000000eab00000, 0x00000000eb500000, 0x0000000100000000)
  eden space 5632K, 0% used [0x00000000eab00000,0x00000000eab00000,0x00000000eb080000)
  from space 2560K, 56% used [0x00000000eb080000,0x00000000eb1e9210,0x00000000eb300000)
  to   space 2048K, 0% used [0x00000000eb300000,0x00000000eb300000,0x00000000eb500000)
 ParOldGen       total 138752K, used 122354K [0x00000000c0000000, 0x00000000c8780000, 0x00000000eab00000)
  object space 138752K, 88% used [0x00000000c0000000,0x00000000c777c988,0x00000000c8780000)
 Metaspace       used 85231K, committed 86592K, reserved 1130496K
  class space    used 8477K, committed 9088K, reserved 1048576K
}
Event: 623.840 GC heap before
{Heap before GC invocations=2919 (full 71):
 PSYoungGen      total 8192K, used 7076K [0x00000000eab00000, 0x00000000eb500000, 0x0000000100000000)
  eden space 5632K, 100% used [0x00000000eab00000,0x00000000eb080000,0x00000000eb080000)
  from space 2560K, 56% used [0x00000000eb080000,0x00000000eb1e9210,0x00000000eb300000)
  to   space 2048K, 0% used [0x00000000eb300000,0x00000000eb300000,0x00000000eb500000)
 ParOldGen       total 138752K, used 122354K [0x00000000c0000000, 0x00000000c8780000, 0x00000000eab00000)
  object space 138752K, 88% used [0x00000000c0000000,0x00000000c777c988,0x00000000c8780000)
 Metaspace       used 85243K, committed 86656K, reserved 1130496K
  class space    used 8477K, committed 9088K, reserved 1048576K
}
Event: 623.844 GC heap after
{Heap after GC invocations=2919 (full 71):
 PSYoungGen      total 7680K, used 666K [0x00000000eab00000, 0x00000000eb400000, 0x0000000100000000)
  eden space 6656K, 0% used [0x00000000eab00000,0x00000000eab00000,0x00000000eb180000)
  from space 1024K, 65% used [0x00000000eb300000,0x00000000eb3a6900,0x00000000eb400000)
  to   space 1024K, 0% used [0x00000000eb200000,0x00000000eb200000,0x00000000eb300000)
 ParOldGen       total 138752K, used 122650K [0x00000000c0000000, 0x00000000c8780000, 0x00000000eab00000)
  object space 138752K, 88% used [0x00000000c0000000,0x00000000c77c6988,0x00000000c8780000)
 Metaspace       used 85243K, committed 86656K, reserved 1130496K
  class space    used 8477K, committed 9088K, reserved 1048576K
}
Event: 623.927 GC heap before
{Heap before GC invocations=2920 (full 71):
 PSYoungGen      total 7680K, used 7322K [0x00000000eab00000, 0x00000000eb400000, 0x0000000100000000)
  eden space 6656K, 100% used [0x00000000eab00000,0x00000000eb180000,0x00000000eb180000)
  from space 1024K, 65% used [0x00000000eb300000,0x00000000eb3a6900,0x00000000eb400000)
  to   space 1024K, 0% used [0x00000000eb200000,0x00000000eb200000,0x00000000eb300000)
 ParOldGen       total 138752K, used 122650K [0x00000000c0000000, 0x00000000c8780000, 0x00000000eab00000)
  object space 138752K, 88% used [0x00000000c0000000,0x00000000c77c6988,0x00000000c8780000)
 Metaspace       used 85243K, committed 86656K, reserved 1130496K
  class space    used 8477K, committed 9088K, reserved 1048576K
}
Event: 623.932 GC heap after
{Heap after GC invocations=2920 (full 71):
 PSYoungGen      total 7680K, used 1024K [0x00000000eab00000, 0x00000000eb780000, 0x0000000100000000)
  eden space 6656K, 0% used [0x00000000eab00000,0x00000000eab00000,0x00000000eb180000)
  from space 1024K, 100% used [0x00000000eb200000,0x00000000eb300000,0x00000000eb300000)
  to   space 3072K, 0% used [0x00000000eb480000,0x00000000eb480000,0x00000000eb780000)
 ParOldGen       total 138752K, used 124331K [0x00000000c0000000, 0x00000000c8780000, 0x00000000eab00000)
  object space 138752K, 89% used [0x00000000c0000000,0x00000000c796ae00,0x00000000c8780000)
 Metaspace       used 85243K, committed 86656K, reserved 1130496K
  class space    used 8477K, committed 9088K, reserved 1048576K
}
Event: 624.198 GC heap before
{Heap before GC invocations=2921 (full 71):
 PSYoungGen      total 7680K, used 7680K [0x00000000eab00000, 0x00000000eb780000, 0x0000000100000000)
  eden space 6656K, 100% used [0x00000000eab00000,0x00000000eb180000,0x00000000eb180000)
  from space 1024K, 100% used [0x00000000eb200000,0x00000000eb300000,0x00000000eb300000)
  to   space 3072K, 0% used [0x00000000eb480000,0x00000000eb480000,0x00000000eb780000)
 ParOldGen       total 138752K, used 124331K [0x00000000c0000000, 0x00000000c8780000, 0x00000000eab00000)
  object space 138752K, 89% used [0x00000000c0000000,0x00000000c796ae00,0x00000000c8780000)
 Metaspace       used 85246K, committed 86656K, reserved 1130496K
  class space    used 8477K, committed 9088K, reserved 1048576K
}
Event: 624.204 GC heap after
{Heap after GC invocations=2921 (full 71):
 PSYoungGen      total 8704K, used 1721K [0x00000000eab00000, 0x00000000eb680000, 0x0000000100000000)
  eden space 6656K, 0% used [0x00000000eab00000,0x00000000eab00000,0x00000000eb180000)
  from space 2048K, 84% used [0x00000000eb480000,0x00000000eb62e410,0x00000000eb680000)
  to   space 2560K, 0% used [0x00000000eb180000,0x00000000eb180000,0x00000000eb400000)
 ParOldGen       total 138752K, used 125363K [0x00000000c0000000, 0x00000000c8780000, 0x00000000eab00000)
  object space 138752K, 90% used [0x00000000c0000000,0x00000000c7a6ce30,0x00000000c8780000)
 Metaspace       used 85246K, committed 86656K, reserved 1130496K
  class space    used 8477K, committed 9088K, reserved 1048576K
}
Event: 624.566 GC heap before
{Heap before GC invocations=2922 (full 71):
 PSYoungGen      total 8704K, used 8377K [0x00000000eab00000, 0x00000000eb680000, 0x0000000100000000)
  eden space 6656K, 100% used [0x00000000eab00000,0x00000000eb180000,0x00000000eb180000)
  from space 2048K, 84% used [0x00000000eb480000,0x00000000eb62e410,0x00000000eb680000)
  to   space 2560K, 0% used [0x00000000eb180000,0x00000000eb180000,0x00000000eb400000)
 ParOldGen       total 138752K, used 125363K [0x00000000c0000000, 0x00000000c8780000, 0x00000000eab00000)
  object space 138752K, 90% used [0x00000000c0000000,0x00000000c7a6ce30,0x00000000c8780000)
 Metaspace       used 85246K, committed 86656K, reserved 1130496K
  class space    used 8477K, committed 9088K, reserved 1048576K
}
Event: 624.570 GC heap after
{Heap after GC invocations=2922 (full 71):
 PSYoungGen      total 7680K, used 666K [0x00000000eab00000, 0x00000000eb500000, 0x0000000100000000)
  eden space 6656K, 0% used [0x00000000eab00000,0x00000000eab00000,0x00000000eb180000)
  from space 1024K, 65% used [0x00000000eb180000,0x00000000eb226900,0x00000000eb280000)
  to   space 1536K, 0% used [0x00000000eb380000,0x00000000eb380000,0x00000000eb500000)
 ParOldGen       total 138752K, used 126969K [0x00000000c0000000, 0x00000000c8780000, 0x00000000eab00000)
  object space 138752K, 91% used [0x00000000c0000000,0x00000000c7bfe720,0x00000000c8780000)
 Metaspace       used 85246K, committed 86656K, reserved 1130496K
  class space    used 8477K, committed 9088K, reserved 1048576K
}
Event: 624.619 GC heap before
{Heap before GC invocations=2923 (full 71):
 PSYoungGen      total 7680K, used 7322K [0x00000000eab00000, 0x00000000eb500000, 0x0000000100000000)
  eden space 6656K, 100% used [0x00000000eab00000,0x00000000eb180000,0x00000000eb180000)
  from space 1024K, 65% used [0x00000000eb180000,0x00000000eb226900,0x00000000eb280000)
  to   space 1536K, 0% used [0x00000000eb380000,0x00000000eb380000,0x00000000eb500000)
 ParOldGen       total 138752K, used 126969K [0x00000000c0000000, 0x00000000c8780000, 0x00000000eab00000)
  object space 138752K, 91% used [0x00000000c0000000,0x00000000c7bfe720,0x00000000c8780000)
 Metaspace       used 85246K, committed 86656K, reserved 1130496K
  class space    used 8477K, committed 9088K, reserved 1048576K
}
Event: 624.622 GC heap after
{Heap after GC invocations=2923 (full 71):
 PSYoungGen      total 8192K, used 1534K [0x00000000eab00000, 0x00000000eb580000, 0x0000000100000000)
  eden space 6656K, 0% used [0x00000000eab00000,0x00000000eab00000,0x00000000eb180000)
  from space 1536K, 99% used [0x00000000eb380000,0x00000000eb4ffb10,0x00000000eb500000)
  to   space 2048K, 0% used [0x00000000eb180000,0x00000000eb180000,0x00000000eb380000)
 ParOldGen       total 138752K, used 127161K [0x00000000c0000000, 0x00000000c8780000, 0x00000000eab00000)
  object space 138752K, 91% used [0x00000000c0000000,0x00000000c7c2e720,0x00000000c8780000)
 Metaspace       used 85246K, committed 86656K, reserved 1130496K
  class space    used 8477K, committed 9088K, reserved 1048576K
}
Event: 624.929 GC heap before
{Heap before GC invocations=2924 (full 71):
 PSYoungGen      total 8192K, used 8190K [0x00000000eab00000, 0x00000000eb580000, 0x0000000100000000)
  eden space 6656K, 100% used [0x00000000eab00000,0x00000000eb180000,0x00000000eb180000)
  from space 1536K, 99% used [0x00000000eb380000,0x00000000eb4ffb10,0x00000000eb500000)
  to   space 2048K, 0% used [0x00000000eb180000,0x00000000eb180000,0x00000000eb380000)
 ParOldGen       total 138752K, used 127161K [0x00000000c0000000, 0x00000000c8780000, 0x00000000eab00000)
  object space 138752K, 91% used [0x00000000c0000000,0x00000000c7c2e720,0x00000000c8780000)
 Metaspace       used 85246K, committed 86656K, reserved 1130496K
  class space    used 8477K, committed 9088K, reserved 1048576K
}
Event: 624.932 GC heap after
{Heap after GC invocations=2924 (full 71):
 PSYoungGen      total 7680K, used 884K [0x00000000eab00000, 0x00000000eb480000, 0x0000000100000000)
  eden space 6656K, 0% used [0x00000000eab00000,0x00000000eab00000,0x00000000eb180000)
  from space 1024K, 86% used [0x00000000eb180000,0x00000000eb25d200,0x00000000eb280000)
  to   space 1536K, 0% used [0x00000000eb300000,0x00000000eb300000,0x00000000eb480000)
 ParOldGen       total 138752K, used 128703K [0x00000000c0000000, 0x00000000c8780000, 0x00000000eab00000)
  object space 138752K, 92% used [0x00000000c0000000,0x00000000c7dafeb8,0x00000000c8780000)
 Metaspace       used 85246K, committed 86656K, reserved 1130496K
  class space    used 8477K, committed 9088K, reserved 1048576K
}
Event: 625.095 GC heap before
{Heap before GC invocations=2925 (full 71):
 PSYoungGen      total 7680K, used 7540K [0x00000000eab00000, 0x00000000eb480000, 0x0000000100000000)
  eden space 6656K, 100% used [0x00000000eab00000,0x00000000eb180000,0x00000000eb180000)
  from space 1024K, 86% used [0x00000000eb180000,0x00000000eb25d200,0x00000000eb280000)
  to   space 1536K, 0% used [0x00000000eb300000,0x00000000eb300000,0x00000000eb480000)
 ParOldGen       total 138752K, used 128703K [0x00000000c0000000, 0x00000000c8780000, 0x00000000eab00000)
  object space 138752K, 92% used [0x00000000c0000000,0x00000000c7dafeb8,0x00000000c8780000)
 Metaspace       used 85263K, committed 86656K, reserved 1130496K
  class space    used 8477K, committed 9088K, reserved 1048576K
}
Event: 625.098 GC heap after
{Heap after GC invocations=2925 (full 71):
 PSYoungGen      total 8192K, used 1348K [0x00000000eab00000, 0x00000000eb480000, 0x0000000100000000)
  eden space 6656K, 0% used [0x00000000eab00000,0x00000000eab00000,0x00000000eb180000)
  from space 1536K, 87% used [0x00000000eb300000,0x00000000eb451210,0x00000000eb480000)
  to   space 1536K, 0% used [0x00000000eb180000,0x00000000eb180000,0x00000000eb300000)
 ParOldGen       total 138752K, used 128703K [0x00000000c0000000, 0x00000000c8780000, 0x00000000eab00000)
  object space 138752K, 92% used [0x00000000c0000000,0x00000000c7dafeb8,0x00000000c8780000)
 Metaspace       used 85263K, committed 86656K, reserved 1130496K
  class space    used 8477K, committed 9088K, reserved 1048576K
}
Event: 625.177 GC heap before
{Heap before GC invocations=2926 (full 71):
 PSYoungGen      total 8192K, used 8004K [0x00000000eab00000, 0x00000000eb480000, 0x0000000100000000)
  eden space 6656K, 100% used [0x00000000eab00000,0x00000000eb180000,0x00000000eb180000)
  from space 1536K, 87% used [0x00000000eb300000,0x00000000eb451210,0x00000000eb480000)
  to   space 1536K, 0% used [0x00000000eb180000,0x00000000eb180000,0x00000000eb300000)
 ParOldGen       total 138752K, used 128703K [0x00000000c0000000, 0x00000000c8780000, 0x00000000eab00000)
  object space 138752K, 92% used [0x00000000c0000000,0x00000000c7dafeb8,0x00000000c8780000)
 Metaspace       used 85263K, committed 86656K, reserved 1130496K
  class space    used 8477K, committed 9088K, reserved 1048576K
}
Event: 625.182 GC heap after
{Heap after GC invocations=2926 (full 71):
 PSYoungGen      total 8192K, used 1524K [0x00000000eab00000, 0x00000000eb980000, 0x0000000100000000)
  eden space 6656K, 0% used [0x00000000eab00000,0x00000000eab00000,0x00000000eb180000)
  from space 1536K, 99% used [0x00000000eb180000,0x00000000eb2fd200,0x00000000eb300000)
  to   space 4096K, 0% used [0x00000000eb580000,0x00000000eb580000,0x00000000eb980000)
 ParOldGen       total 138752K, used 130622K [0x00000000c0000000, 0x00000000c8780000, 0x00000000eab00000)
  object space 138752K, 94% used [0x00000000c0000000,0x00000000c7f8f978,0x00000000c8780000)
 Metaspace       used 85263K, committed 86656K, reserved 1130496K
  class space    used 8477K, committed 9088K, reserved 1048576K
}
Event: 625.593 GC heap before
{Heap before GC invocations=2927 (full 71):
 PSYoungGen      total 8192K, used 8180K [0x00000000eab00000, 0x00000000eb980000, 0x0000000100000000)
  eden space 6656K, 99% used [0x00000000eab00000,0x00000000eb17ff48,0x00000000eb180000)
  from space 1536K, 99% used [0x00000000eb180000,0x00000000eb2fd200,0x00000000eb300000)
  to   space 4096K, 0% used [0x00000000eb580000,0x00000000eb580000,0x00000000eb980000)
 ParOldGen       total 138752K, used 130622K [0x00000000c0000000, 0x00000000c8780000, 0x00000000eab00000)
  object space 138752K, 94% used [0x00000000c0000000,0x00000000c7f8f978,0x00000000c8780000)
 Metaspace       used 85268K, committed 86656K, reserved 1130496K
  class space    used 8477K, committed 9088K, reserved 1048576K
}

