# JRE version: OpenJDK Runtime Environment Temurin-17.0.5+8 (17.0.5+8) (build 17.0.5+8)
# Java VM: OpenJDK 64-Bit Server VM Temurin-17.0.5+8 (17.0.5+8, mixed mode, emulated-client, tiered, compressed oops, compressed class ptrs, g1 gc, windows-amd64)
GC Precious Log:
 CPUs: 4 total, 4 available
 Memory: 8089M
 Large Page Support: Disabled
 NUMA Support: Disabled
 Compressed Oops: Enabled (32-bit)
 Heap Region Size: 1M
 Heap Min Capacity: 8M
 Heap Initial Capacity: 128M
 Heap Max Capacity: 1G
 Pre-touch: Disabled
 Parallel Workers: 4
 Concurrent Workers: 1
 Concurrent Refinement Workers: 4
 Periodic GC: Disabled
Heap:
 garbage-first heap   total 48128K, used 37122K [0x00000000c0000000, 0x0000000100000000)
  region size 1024K, 11 young (11264K), 2 survivors (2048K)
 Metaspace       used 37064K, committed 37504K, reserved 1089536K
  class space    used 4843K, committed 5056K, reserved 1048576K
GC Heap History (20 events):
Event: 38.736 GC heap before
{Heap before GC invocations=2 (full 0):
 garbage-first heap   total 131072K, used 30876K [0x00000000c0000000, 0x0000000100000000)
  region size 1024K, 24 young (24576K), 1 survivors (1024K)
 Metaspace       used 16489K, committed 16768K, reserved 1064960K
  class space    used 2042K, committed 2176K, reserved 1048576K
}
Event: 38.745 GC heap after
{Heap after GC invocations=3 (full 0):
 garbage-first heap   total 131072K, used 11230K [0x00000000c0000000, 0x0000000100000000)
  region size 1024K, 3 young (3072K), 3 survivors (3072K)
 Metaspace       used 16489K, committed 16768K, reserved 1064960K
  class space    used 2042K, committed 2176K, reserved 1048576K
}
Event: 40.082 GC heap before
{Heap before GC invocations=3 (full 0):
 garbage-first heap   total 131072K, used 30686K [0x00000000c0000000, 0x0000000100000000)
  region size 1024K, 24 young (24576K), 3 survivors (3072K)
 Metaspace       used 21325K, committed 21504K, reserved 1073152K
  class space    used 2613K, committed 2688K, reserved 1048576K
}
Event: 40.091 GC heap after
{Heap after GC invocations=4 (full 0):
 garbage-first heap   total 131072K, used 12615K [0x00000000c0000000, 0x0000000100000000)
  region size 1024K, 2 young (2048K), 2 survivors (2048K)
 Metaspace       used 21325K, committed 21504K, reserved 1073152K
  class space    used 2613K, committed 2688K, reserved 1048576K
}
Event: 44.763 GC heap before
{Heap before GC invocations=5 (full 0):
 garbage-first heap   total 48128K, used 36167K [0x00000000c0000000, 0x0000000100000000)
  region size 1024K, 27 young (27648K), 2 survivors (2048K)
 Metaspace       used 25263K, committed 25472K, reserved 1073152K
  class space    used 3146K, committed 3264K, reserved 1048576K
}
Event: 44.771 GC heap after
{Heap after GC invocations=6 (full 0):
 garbage-first heap   total 48128K, used 13976K [0x00000000c0000000, 0x0000000100000000)
  region size 1024K, 3 young (3072K), 3 survivors (3072K)
 Metaspace       used 25263K, committed 25472K, reserved 1073152K
  class space    used 3146K, committed 3264K, reserved 1048576K
}
Event: 46.908 GC heap before
{Heap before GC invocations=6 (full 0):
 garbage-first heap   total 48128K, used 32408K [0x00000000c0000000, 0x0000000100000000)
  region size 1024K, 21 young (21504K), 3 survivors (3072K)
 Metaspace       used 28895K, committed 29248K, reserved 1081344K
  class space    used 3672K, committed 3840K, reserved 1048576K
}
Event: 46.921 GC heap after
{Heap after GC invocations=7 (full 0):
 garbage-first heap   total 48128K, used 15420K [0x00000000c0000000, 0x0000000100000000)
  region size 1024K, 3 young (3072K), 3 survivors (3072K)
 Metaspace       used 28895K, committed 29248K, reserved 1081344K
  class space    used 3672K, committed 3840K, reserved 1048576K
}
Event: 48.878 GC heap before
{Heap before GC invocations=7 (full 0):
 garbage-first heap   total 48128K, used 32828K [0x00000000c0000000, 0x0000000100000000)
  region size 1024K, 21 young (21504K), 3 survivors (3072K)
 Metaspace       used 31606K, committed 31936K, reserved 1081344K
  class space    used 4022K, committed 4160K, reserved 1048576K
}
Event: 48.890 GC heap after
{Heap after GC invocations=8 (full 0):
 garbage-first heap   total 48128K, used 17477K [0x00000000c0000000, 0x0000000100000000)
  region size 1024K, 3 young (3072K), 3 survivors (3072K)
 Metaspace       used 31606K, committed 31936K, reserved 1081344K
  class space    used 4022K, committed 4160K, reserved 1048576K
}
Event: 50.478 GC heap before
{Heap before GC invocations=8 (full 0):
 garbage-first heap   total 48128K, used 32837K [0x00000000c0000000, 0x0000000100000000)
  region size 1024K, 19 young (19456K), 3 survivors (3072K)
 Metaspace       used 34579K, committed 34944K, reserved 1081344K
  class space    used 4488K, committed 4672K, reserved 1048576K
}
Event: 50.487 GC heap after
{Heap after GC invocations=9 (full 0):
 garbage-first heap   total 48128K, used 19544K [0x00000000c0000000, 0x0000000100000000)
  region size 1024K, 2 young (2048K), 2 survivors (2048K)
 Metaspace       used 34579K, committed 34944K, reserved 1081344K
  class space    used 4488K, committed 4672K, reserved 1048576K
}
Event: 50.767 GC heap before
{Heap before GC invocations=9 (full 0):
 garbage-first heap   total 48128K, used 25688K [0x00000000c0000000, 0x0000000100000000)
  region size 1024K, 9 young (9216K), 2 survivors (2048K)
 Metaspace       used 35769K, committed 36096K, reserved 1081344K
  class space    used 4678K, committed 4800K, reserved 1048576K
}
Event: 50.773 GC heap after
{Heap after GC invocations=10 (full 0):
 garbage-first heap   total 48128K, used 20105K [0x00000000c0000000, 0x0000000100000000)
  region size 1024K, 1 young (1024K), 1 survivors (1024K)
 Metaspace       used 35769K, committed 36096K, reserved 1081344K
  class space    used 4678K, committed 4800K, reserved 1048576K
}
Event: 51.450 GC heap before
{Heap before GC invocations=11 (full 0):
 garbage-first heap   total 48128K, used 35465K [0x00000000c0000000, 0x0000000100000000)
  region size 1024K, 17 young (17408K), 1 survivors (1024K)
 Metaspace       used 36421K, committed 36800K, reserved 1081344K
  class space    used 4796K, committed 4992K, reserved 1048576K
}
Event: 51.456 GC heap after
{Heap after GC invocations=12 (full 0):
 garbage-first heap   total 48128K, used 22870K [0x00000000c0000000, 0x0000000100000000)
  region size 1024K, 3 young (3072K), 3 survivors (3072K)
 Metaspace       used 36421K, committed 36800K, reserved 1081344K
  class space    used 4796K, committed 4992K, reserved 1048576K
}
Event: 51.656 GC heap before
{Heap before GC invocations=12 (full 0):
 garbage-first heap   total 48128K, used 35158K [0x00000000c0000000, 0x0000000100000000)
  region size 1024K, 16 young (16384K), 3 survivors (3072K)
 Metaspace       used 36690K, committed 37120K, reserved 1089536K
  class space    used 4818K, committed 5056K, reserved 1048576K
}
Event: 51.665 GC heap after
{Heap after GC invocations=13 (full 0):
 garbage-first heap   total 48128K, used 25571K [0x00000000c0000000, 0x0000000100000000)
  region size 1024K, 2 young (2048K), 2 survivors (2048K)
 Metaspace       used 36690K, committed 37120K, reserved 1089536K
  class space    used 4818K, committed 5056K, reserved 1048576K
}
Event: 51.871 GC heap before
{Heap before GC invocations=13 (full 0):
 garbage-first heap   total 48128K, used 35811K [0x00000000c0000000, 0x0000000100000000)
  region size 1024K, 13 young (13312K), 2 survivors (2048K)
 Metaspace       used 36770K, committed 37184K, reserved 1089536K
  class space    used 4825K, committed 5056K, reserved 1048576K
}
Event: 51.878 GC heap after
{Heap after GC invocations=14 (full 0):
 garbage-first heap   total 48128K, used 27906K [0x00000000c0000000, 0x0000000100000000)
  region size 1024K, 2 young (2048K), 2 survivors (2048K)
 Metaspace       used 36770K, committed 37184K, reserved 1089536K
  class space    used 4825K, committed 5056K, reserved 1048576K
}

